<?xml version="1.0" encoding="UTF-8"?>
<testng-results ignored="0" total="5" passed="5" failed="0" skipped="0">
  <reporter-output>
  </reporter-output>
  <suite started-at="2025-11-14T14:14:59 IST" name="MasterSuite" finished-at="2025-11-14T14:16:06 IST" duration-ms="66968">
    <groups>
      <group name="Datadriven">
        <method signature="LoginDataDrivenTest.verify_loginDTD(java.lang.String,java.lang.String,java.lang.String)[pri:0, instance:com.testcases.LoginDataDrivenTest@4a194c39]" name="verify_loginDTD" class="com.testcases.LoginDataDrivenTest"/>
      </group> <!-- Datadriven -->
    </groups>
    <test started-at="2025-11-14T14:14:59 IST" name="Test" finished-at="2025-11-14T14:16:06 IST" duration-ms="66968">
      <class name="com.testcases.LoginDataDrivenTest">
        <test-method is-config="true" signature="setup(java.lang.String,java.lang.String)[pri:0, instance:com.testcases.LoginDataDrivenTest@4a194c39]" started-at="2025-11-14T14:15:00 IST" name="setup" finished-at="2025-11-14T14:15:05 IST" duration-ms="5505" status="PASS">
          <params>
            <param index="0">
              <value>
                <![CDATA[Windows]]>
              </value>
            </param>
            <param index="1">
              <value>
                <![CDATA[chrome]]>
              </value>
            </param>
          </params>
          <reporter-output>
          </reporter-output>
        </test-method> <!-- setup -->
        <test-method signature="verify_loginDTD(java.lang.String,java.lang.String,java.lang.String)[pri:0, instance:com.testcases.LoginDataDrivenTest@4a194c39]" started-at="2025-11-14T14:15:08 IST" name="verify_loginDTD" data-provider="LoginData" finished-at="2025-11-14T14:15:15 IST" duration-ms="6745" status="PASS">
          <params>
            <param index="0">
              <value>
                <![CDATA[CaptainAmerica123@gmail.com]]>
              </value>
            </param>
            <param index="1">
              <value>
                <![CDATA[Captain@002]]>
              </value>
            </param>
            <param index="2">
              <value>
                <![CDATA[valid]]>
              </value>
            </param>
          </params>
          <reporter-output>
          </reporter-output>
        </test-method> <!-- verify_loginDTD -->
        <test-method signature="verify_loginDTD(java.lang.String,java.lang.String,java.lang.String)[pri:0, instance:com.testcases.LoginDataDrivenTest@4a194c39]" started-at="2025-11-14T14:15:15 IST" name="verify_loginDTD" data-provider="LoginData" finished-at="2025-11-14T14:15:30 IST" duration-ms="15266" status="PASS">
          <params>
            <param index="0">
              <value>
                <![CDATA[C123@yahoo.com]]>
              </value>
            </param>
            <param index="1">
              <value>
                <![CDATA[C1234]]>
              </value>
            </param>
            <param index="2">
              <value>
                <![CDATA[invalid]]>
              </value>
            </param>
          </params>
          <reporter-output>
          </reporter-output>
        </test-method> <!-- verify_loginDTD -->
        <test-method signature="verify_loginDTD(java.lang.String,java.lang.String,java.lang.String)[pri:0, instance:com.testcases.LoginDataDrivenTest@4a194c39]" started-at="2025-11-14T14:15:30 IST" name="verify_loginDTD" data-provider="LoginData" finished-at="2025-11-14T14:15:45 IST" duration-ms="14883" status="PASS">
          <params>
            <param index="0">
              <value>
                <![CDATA[ssss@gmail.com]]>
              </value>
            </param>
            <param index="1">
              <value>
                <![CDATA[ssss]]>
              </value>
            </param>
            <param index="2">
              <value>
                <![CDATA[invalid]]>
              </value>
            </param>
          </params>
          <reporter-output>
          </reporter-output>
        </test-method> <!-- verify_loginDTD -->
        <test-method signature="verify_loginDTD(java.lang.String,java.lang.String,java.lang.String)[pri:0, instance:com.testcases.LoginDataDrivenTest@4a194c39]" started-at="2025-11-14T14:15:45 IST" name="verify_loginDTD" data-provider="LoginData" finished-at="2025-11-14T14:16:00 IST" duration-ms="15280" status="PASS">
          <params>
            <param index="0">
              <value>
                <![CDATA[mmmm@gmail.com]]>
              </value>
            </param>
            <param index="1">
              <value>
                <![CDATA[mmm]]>
              </value>
            </param>
            <param index="2">
              <value>
                <![CDATA[invalid]]>
              </value>
            </param>
          </params>
          <reporter-output>
          </reporter-output>
        </test-method> <!-- verify_loginDTD -->
        <test-method signature="verify_loginDTD(java.lang.String,java.lang.String,java.lang.String)[pri:0, instance:com.testcases.LoginDataDrivenTest@4a194c39]" started-at="2025-11-14T14:16:00 IST" name="verify_loginDTD" data-provider="LoginData" finished-at="2025-11-14T14:16:06 IST" duration-ms="5270" status="PASS">
          <params>
            <param index="0">
              <value>
                <![CDATA[jarvis1234@gmail.com]]>
              </value>
            </param>
            <param index="1">
              <value>
                <![CDATA[jarvis1234]]>
              </value>
            </param>
            <param index="2">
              <value>
                <![CDATA[valid]]>
              </value>
            </param>
          </params>
          <reporter-output>
          </reporter-output>
        </test-method> <!-- verify_loginDTD -->
        <test-method is-config="true" signature="teardown()[pri:0, instance:com.testcases.LoginDataDrivenTest@4a194c39]" started-at="2025-11-14T14:16:06 IST" name="teardown" finished-at="2025-11-14T14:16:06 IST" duration-ms="642" status="PASS">
          <reporter-output>
          </reporter-output>
        </test-method> <!-- teardown -->
      </class> <!-- com.testcases.LoginDataDrivenTest -->
    </test> <!-- Test -->
  </suite> <!-- MasterSuite -->
</testng-results>
