<?xml version="1.0" encoding="UTF-8"?>
<!-- Generated by org.testng.reporters.JUnitReportReporter -->
<testsuite hostname="DESKTOP-CEBHV1B" failures="0" tests="5" name="com.testcases.LoginDataDrivenTest" time="57.444" errors="0" timestamp="2025-11-14T14:16:08 IST" skipped="0">
  <testcase classname="com.testcases.LoginDataDrivenTest" name="verify_loginDTD" time="15.266"/>
  <testcase classname="com.testcases.LoginDataDrivenTest" name="verify_loginDTD" time="15.280"/>
  <testcase classname="com.testcases.LoginDataDrivenTest" name="verify_loginDTD" time="5.270"/>
  <testcase classname="com.testcases.LoginDataDrivenTest" name="verify_loginDTD" time="6.745"/>
  <testcase classname="com.testcases.LoginDataDrivenTest" name="verify_loginDTD" time="14.883"/>
</testsuite> <!-- com.testcases.LoginDataDrivenTest -->
