<?xml version="1.0" encoding="UTF-8"?>
<!-- Generated by org.testng.reporters.JUnitXMLReporter -->
<testsuite ignored="0" hostname="DESKTOP-CEBHV1B" failures="0" tests="5" name="Test" time="66.968" errors="0" timestamp="2025-11-14T14:16:08 IST">
  <testcase classname="com.testcases.LoginDataDrivenTest" name="verify_loginDTD" time="6.745"/>
  <testcase classname="com.testcases.LoginDataDrivenTest" name="verify_loginDTD" time="15.266"/>
  <testcase classname="com.testcases.LoginDataDrivenTest" name="verify_loginDTD" time="14.883"/>
  <testcase classname="com.testcases.LoginDataDrivenTest" name="verify_loginDTD" time="15.28"/>
  <testcase classname="com.testcases.LoginDataDrivenTest" name="verify_loginDTD" time="5.27"/>
</testsuite> <!-- Test -->
